Changelog:


v.1.2.1 (Pre-Halloween Update)
- Added Halloween 2016 skin (code: halloween2016)
- Changed body background color.

v.1.2 (The Wide update)
- Added Discord widget
- Made entire website wider
- Added About page
- Added skin code
- Added two themes (superDark & Emerald)
- Fixed slideshow progressbar, now it's more stable!
- Fixed theme bug, now it looks a lot cleaner!

v.1.1.1
- Red theme added

v. 1.1
- Theme switcher
- Twitter feed
- Transparent logo
- Slide show:
    * Gif
    * Progress bar
    * Clickable links